<?xml version="1.0" encoding="UTF-8"?>
<testsuite xmlns:xsi="http://www.w3.org/2001/XMLSchema-instance" xsi:noNamespaceSchemaLocation="https://maven.apache.org/surefire/maven-surefire-plugin/xsd/surefire-test-report-3.0.xsd" version="3.0" name="desattack.DESFaultAttackTest" time="0.169" tests="17" errors="0" skipped="0" failures="0">
  <properties>
    <property name="java.specification.version" value="23"/>
    <property name="sun.jnu.encoding" value="UTF-8"/>
    <property name="java.class.path" value="/Users/naufalsomantri/Documents/Calcul/CalculSecurise_DFA_DES/desfaultattack/target/test-classes:/Users/naufalsomantri/Documents/Calcul/CalculSecurise_DFA_DES/desfaultattack/target/classes:/Users/naufalsomantri/.m2/repository/org/jsoup/jsoup/1.15.4/jsoup-1.15.4.jar:/Users/naufalsomantri/.m2/repository/org/junit/jupiter/junit-jupiter-api/5.9.0/junit-jupiter-api-5.9.0.jar:/Users/naufalsomantri/.m2/repository/org/opentest4j/opentest4j/1.2.0/opentest4j-1.2.0.jar:/Users/naufalsomantri/.m2/repository/org/junit/platform/junit-platform-commons/1.9.0/junit-platform-commons-1.9.0.jar:/Users/naufalsomantri/.m2/repository/org/apiguardian/apiguardian-api/1.1.2/apiguardian-api-1.1.2.jar:/Users/naufalsomantri/.m2/repository/org/junit/jupiter/junit-jupiter-engine/5.9.0/junit-jupiter-engine-5.9.0.jar:/Users/naufalsomantri/.m2/repository/org/junit/platform/junit-platform-engine/1.9.0/junit-platform-engine-1.9.0.jar:"/>
    <property name="java.vm.vendor" value="Homebrew"/>
    <property name="sun.arch.data.model" value="64"/>
    <property name="java.vendor.url" value="https://github.com/Homebrew/homebrew-core/issues"/>
    <property name="os.name" value="Mac OS X"/>
    <property name="java.vm.specification.version" value="23"/>
    <property name="sun.java.launcher" value="SUN_STANDARD"/>
    <property name="user.country" value="FR"/>
    <property name="sun.boot.library.path" value="/opt/homebrew/Cellar/openjdk/23.0.2/libexec/openjdk.jdk/Contents/Home/lib"/>
    <property name="sun.java.command" value="/Users/naufalsomantri/Documents/Calcul/CalculSecurise_DFA_DES/desfaultattack/target/surefire/surefirebooter-20250515214906977_3.jar /Users/naufalsomantri/Documents/Calcul/CalculSecurise_DFA_DES/desfaultattack/target/surefire 2025-05-15T21-49-06_847-jvmRun1 surefire-20250515214906977_1tmp surefire_0-20250515214906977_2tmp"/>
    <property name="jdk.debug" value="release"/>
    <property name="surefire.test.class.path" value="/Users/naufalsomantri/Documents/Calcul/CalculSecurise_DFA_DES/desfaultattack/target/test-classes:/Users/naufalsomantri/Documents/Calcul/CalculSecurise_DFA_DES/desfaultattack/target/classes:/Users/naufalsomantri/.m2/repository/org/jsoup/jsoup/1.15.4/jsoup-1.15.4.jar:/Users/naufalsomantri/.m2/repository/org/junit/jupiter/junit-jupiter-api/5.9.0/junit-jupiter-api-5.9.0.jar:/Users/naufalsomantri/.m2/repository/org/opentest4j/opentest4j/1.2.0/opentest4j-1.2.0.jar:/Users/naufalsomantri/.m2/repository/org/junit/platform/junit-platform-commons/1.9.0/junit-platform-commons-1.9.0.jar:/Users/naufalsomantri/.m2/repository/org/apiguardian/apiguardian-api/1.1.2/apiguardian-api-1.1.2.jar:/Users/naufalsomantri/.m2/repository/org/junit/jupiter/junit-jupiter-engine/5.9.0/junit-jupiter-engine-5.9.0.jar:/Users/naufalsomantri/.m2/repository/org/junit/platform/junit-platform-engine/1.9.0/junit-platform-engine-1.9.0.jar:"/>
    <property name="sun.cpu.endian" value="little"/>
    <property name="user.home" value="/Users/naufalsomantri"/>
    <property name="user.language" value="en"/>
    <property name="java.specification.vendor" value="Oracle Corporation"/>
    <property name="java.version.date" value="2025-01-21"/>
    <property name="java.home" value="/opt/homebrew/Cellar/openjdk/23.0.2/libexec/openjdk.jdk/Contents/Home"/>
    <property name="file.separator" value="/"/>
    <property name="basedir" value="/Users/naufalsomantri/Documents/Calcul/CalculSecurise_DFA_DES/desfaultattack"/>
    <property name="java.vm.compressedOopsMode" value="Zero based"/>
    <property name="line.separator" value="&#10;"/>
    <property name="java.specification.name" value="Java Platform API Specification"/>
    <property name="java.vm.specification.vendor" value="Oracle Corporation"/>
    <property name="apple.awt.application.name" value="ForkedBooter"/>
    <property name="surefire.real.class.path" value="/Users/naufalsomantri/Documents/Calcul/CalculSecurise_DFA_DES/desfaultattack/target/surefire/surefirebooter-20250515214906977_3.jar"/>
    <property name="sun.management.compiler" value="HotSpot 64-Bit Tiered Compilers"/>
    <property name="java.runtime.version" value="23.0.2"/>
    <property name="user.name" value="naufalsomantri"/>
    <property name="stdout.encoding" value="UTF-8"/>
    <property name="path.separator" value=":"/>
    <property name="os.version" value="15.3.2"/>
    <property name="java.runtime.name" value="OpenJDK Runtime Environment"/>
    <property name="file.encoding" value="UTF-8"/>
    <property name="java.vm.name" value="OpenJDK 64-Bit Server VM"/>
    <property name="java.vendor.version" value="Homebrew"/>
    <property name="localRepository" value="/Users/naufalsomantri/.m2/repository"/>
    <property name="java.vendor.url.bug" value="https://github.com/Homebrew/homebrew-core/issues"/>
    <property name="java.io.tmpdir" value="/var/folders/8j/g038pr3j5s35qpv6rp1hqck40000gn/T/"/>
    <property name="java.version" value="23.0.2"/>
    <property name="user.dir" value="/Users/naufalsomantri/Documents/Calcul/CalculSecurise_DFA_DES/desfaultattack"/>
    <property name="os.arch" value="aarch64"/>
    <property name="java.vm.specification.name" value="Java Virtual Machine Specification"/>
    <property name="native.encoding" value="UTF-8"/>
    <property name="java.library.path" value="/Users/naufalsomantri/Library/Java/Extensions:/Library/Java/Extensions:/Network/Library/Java/Extensions:/System/Library/Java/Extensions:/usr/lib/java:."/>
    <property name="java.vm.info" value="mixed mode, sharing"/>
    <property name="stderr.encoding" value="UTF-8"/>
    <property name="java.vendor" value="Homebrew"/>
    <property name="java.vm.version" value="23.0.2"/>
    <property name="sun.io.unicode.encoding" value="UnicodeBig"/>
    <property name="java.class.version" value="67.0"/>
  </properties>
  <testcase name="testAddParityBits_lengthAndParity" classname="desattack.DESFaultAttackTest" time="0.044"/>
  <testcase name="testAddParityBitsParities" classname="desattack.DESFaultAttackTest" time="0.005"/>
  <testcase name="testPermuteAndInversePermute" classname="desattack.DESFaultAttackTest" time="0.003"/>
  <testcase name="testRecoverFullKey_outputsExpected" classname="desattack.DESFaultAttackTest" time="0.073"/>
  <testcase name="testRecoverK16_correctValue" classname="desattack.DESFaultAttackTest" time="0.022"/>
  <testcase name="testInitialPerm_extractsR16L16" classname="desattack.DESFaultAttackTest" time="0.001"/>
  <testcase name="testApplySBox_knownValue" classname="desattack.DESFaultAttackTest" time="0"/>
  <testcase name="testXor_basic" classname="desattack.DESFaultAttackTest" time="0"/>
  <testcase name="testRevPC1Mapping" classname="desattack.DESFaultAttackTest" time="0.003"/>
  <testcase name="testSBoxKnownValues" classname="desattack.DESFaultAttackTest" time="0"/>
  <testcase name="testExpansion" classname="desattack.DESFaultAttackTest" time="0"/>
  <testcase name="testReplaceUnknownBits" classname="desattack.DESFaultAttackTest" time="0.001"/>
  <testcase name="testSplitPAndInverseP" classname="desattack.DESFaultAttackTest" time="0"/>
  <testcase name="testExpand" classname="desattack.DESFaultAttackTest" time="0"/>
  <testcase name="testInverseP" classname="desattack.DESFaultAttackTest" time="0.001"/>
  <testcase name="testRevPC2Mapping" classname="desattack.DESFaultAttackTest" time="0.001"/>
  <testcase name="testExpand_allZeros" classname="desattack.DESFaultAttackTest" time="0"/>
</testsuite>